<?xml version="1.0" encoding="UTF-8"?>
<testsuite name="frc.robot.subsystems.vision.AprilTagVisionTest" tests="1" skipped="0" failures="0" errors="0" timestamp="2024-11-22T15:31:53" hostname="SL-24397" time="0.015">
  <properties/>
  <testcase name="deviationsTest()" classname="frc.robot.subsystems.vision.AprilTagVisionTest" time="0.015"/>
  <system-out><![CDATA[]]></system-out>
  <system-err><![CDATA[]]></system-err>
</testsuite>
