<?xml version="1.0" encoding="UTF-8"?>
<testsuite name="frc.robot.subsystems.vision.AprilTagVisionTest" tests="1" skipped="0" failures="0" errors="0" timestamp="2024-08-13T11:58:14" hostname="192.168.18.10" time="0.01">
  <properties/>
  <testcase name="deviationsTest()" classname="frc.robot.subsystems.vision.AprilTagVisionTest" time="0.01"/>
  <system-out><![CDATA[]]></system-out>
  <system-err><![CDATA[]]></system-err>
</testsuite>
